2020-09-09 20:39:49,392 PROMPT Also initialize a watchman configuration? [Y/n] 
2020-09-09 20:39:53,085 WARNING Unable to initialize watchman for the current directory.

2020-09-09 20:39:53,086 INFO Binary found at `/Users/sean.ogormanibm.com/.pyenv/versions/ssltest/bin/pyre.bin`
2020-09-09 20:39:53,086 DEBUG Trying with: `/Users/sean.ogormanibm.com/.pyenv/versions/3.6.9/envs/ssltest/lib/python3.6/site-packages/pyre_check/client/pyre_check/typeshed/`
2020-09-09 20:39:53,087 DEBUG Trying with: `/Users/sean.ogormanibm.com/.pyenv/versions/3.6.9/envs/ssltest/lib/python3.6/site-packages/pyre_check/pyre_check/typeshed/`
2020-09-09 20:39:53,087 DEBUG Trying with: `/Users/sean.ogormanibm.com/.pyenv/versions/3.6.9/envs/ssltest/lib/python3.6/site-packages/pyre_check/typeshed/`
2020-09-09 20:39:53,087 DEBUG Trying with: `/Users/sean.ogormanibm.com/.pyenv/versions/3.6.9/envs/ssltest/lib/python3.6/pyre_check/typeshed/`
2020-09-09 20:39:53,087 DEBUG Trying with: `/Users/sean.ogormanibm.com/.pyenv/versions/3.6.9/envs/ssltest/lib/pyre_check/typeshed/`
2020-09-09 20:39:53,088 DEBUG Trying with: `/Users/sean.ogormanibm.com/.pyenv/versions/3.6.9/envs/ssltest/lib/python3.6/site-packages/pyre_check/client/pyre_check/taint/`
2020-09-09 20:39:53,088 DEBUG Trying with: `/Users/sean.ogormanibm.com/.pyenv/versions/3.6.9/envs/ssltest/lib/python3.6/site-packages/pyre_check/pyre_check/taint/`
2020-09-09 20:39:53,088 DEBUG Trying with: `/Users/sean.ogormanibm.com/.pyenv/versions/3.6.9/envs/ssltest/lib/python3.6/site-packages/pyre_check/taint/`
2020-09-09 20:39:53,088 DEBUG Trying with: `/Users/sean.ogormanibm.com/.pyenv/versions/3.6.9/envs/ssltest/lib/python3.6/pyre_check/taint/`
2020-09-09 20:39:53,088 DEBUG Trying with: `/Users/sean.ogormanibm.com/.pyenv/versions/3.6.9/envs/ssltest/lib/pyre_check/taint/`
2020-09-09 20:39:53,088 PROMPT Which directory should pyre be initialized in? (Default: `.`): 
2020-09-09 20:39:56,071 INFO Successfully initialized pyre! You can view the configuration at `/Users/sean.ogormanibm.com/secondrescom/resilient-community-apps/.pyre_configuration`.
2020-09-09 20:41:40,309 ERROR A pyre configuration already exists at `/Users/sean.ogormanibm.com/secondrescom/resilient-community-apps/.pyre_configuration`.

2020-09-09 20:41:53,351 PROMPT Also initialize a watchman configuration? [Y/n] 
2020-09-09 20:41:55,012 WARNING Unable to initialize watchman for the current directory.

2020-09-09 20:41:55,013 INFO Binary found at `/Users/sean.ogormanibm.com/.pyenv/versions/ssltest/bin/pyre.bin`
2020-09-09 20:41:55,013 DEBUG Trying with: `/Users/sean.ogormanibm.com/.pyenv/versions/3.6.9/envs/ssltest/lib/python3.6/site-packages/pyre_check/client/pyre_check/typeshed/`
2020-09-09 20:41:55,014 DEBUG Trying with: `/Users/sean.ogormanibm.com/.pyenv/versions/3.6.9/envs/ssltest/lib/python3.6/site-packages/pyre_check/pyre_check/typeshed/`
2020-09-09 20:41:55,014 DEBUG Trying with: `/Users/sean.ogormanibm.com/.pyenv/versions/3.6.9/envs/ssltest/lib/python3.6/site-packages/pyre_check/typeshed/`
2020-09-09 20:41:55,014 DEBUG Trying with: `/Users/sean.ogormanibm.com/.pyenv/versions/3.6.9/envs/ssltest/lib/python3.6/pyre_check/typeshed/`
2020-09-09 20:41:55,014 DEBUG Trying with: `/Users/sean.ogormanibm.com/.pyenv/versions/3.6.9/envs/ssltest/lib/pyre_check/typeshed/`
2020-09-09 20:41:55,015 DEBUG Trying with: `/Users/sean.ogormanibm.com/.pyenv/versions/3.6.9/envs/ssltest/lib/python3.6/site-packages/pyre_check/client/pyre_check/taint/`
2020-09-09 20:41:55,015 DEBUG Trying with: `/Users/sean.ogormanibm.com/.pyenv/versions/3.6.9/envs/ssltest/lib/python3.6/site-packages/pyre_check/pyre_check/taint/`
2020-09-09 20:41:55,015 DEBUG Trying with: `/Users/sean.ogormanibm.com/.pyenv/versions/3.6.9/envs/ssltest/lib/python3.6/site-packages/pyre_check/taint/`
2020-09-09 20:41:55,015 DEBUG Trying with: `/Users/sean.ogormanibm.com/.pyenv/versions/3.6.9/envs/ssltest/lib/python3.6/pyre_check/taint/`
2020-09-09 20:41:55,015 DEBUG Trying with: `/Users/sean.ogormanibm.com/.pyenv/versions/3.6.9/envs/ssltest/lib/pyre_check/taint/`
2020-09-09 20:41:55,015 PROMPT Which directory should pyre be initialized in? (Default: `.`): 
2020-09-09 20:42:28,846 WARNING Interrupted by user

2020-09-09 20:42:28,850 DEBUG Traceback (most recent call last):
  File "/Users/sean.ogormanibm.com/.pyenv/versions/3.6.9/envs/ssltest/lib/python3.6/site-packages/pyre_check/client/pyre.py", line 121, in run_pyre
    exit_code = command.run().exit_code()
  File "/Users/sean.ogormanibm.com/.pyenv/versions/3.6.9/envs/ssltest/lib/python3.6/site-packages/pyre_check/client/commands/command.py", line 487, in run
    self._run()
  File "/Users/sean.ogormanibm.com/.pyenv/versions/3.6.9/envs/ssltest/lib/python3.6/site-packages/pyre_check/client/commands/initialize.py", line 168, in _run
    configuration = self._get_configuration()
  File "/Users/sean.ogormanibm.com/.pyenv/versions/3.6.9/envs/ssltest/lib/python3.6/site-packages/pyre_check/client/commands/initialize.py", line 114, in _get_configuration
    "Which directory should pyre be initialized in?", "."
  File "/Users/sean.ogormanibm.com/.pyenv/versions/3.6.9/envs/ssltest/lib/python3.6/site-packages/pyre_check/client/log/log.py", line 290, in get_optional_input
    result = get_input(prompt, suffix=" (Default: `{}`): ".format(default))
  File "/Users/sean.ogormanibm.com/.pyenv/versions/3.6.9/envs/ssltest/lib/python3.6/site-packages/pyre_check/client/log/log.py", line 298, in get_input
    return input().strip()
KeyboardInterrupt

2020-09-09 20:44:49,902 PROMPT Also initialize a watchman configuration? [Y/n] 
2020-09-09 20:44:51,656 WARNING Unable to initialize watchman for the current directory.

2020-09-09 20:44:51,656 INFO Binary found at `/Users/sean.ogormanibm.com/.pyenv/versions/ssltest/bin/pyre.bin`
2020-09-09 20:44:51,657 DEBUG Trying with: `/Users/sean.ogormanibm.com/.pyenv/versions/3.6.9/envs/ssltest/lib/python3.6/site-packages/pyre_check/client/pyre_check/typeshed/`
2020-09-09 20:44:51,658 DEBUG Trying with: `/Users/sean.ogormanibm.com/.pyenv/versions/3.6.9/envs/ssltest/lib/python3.6/site-packages/pyre_check/pyre_check/typeshed/`
2020-09-09 20:44:51,658 DEBUG Trying with: `/Users/sean.ogormanibm.com/.pyenv/versions/3.6.9/envs/ssltest/lib/python3.6/site-packages/pyre_check/typeshed/`
2020-09-09 20:44:51,658 DEBUG Trying with: `/Users/sean.ogormanibm.com/.pyenv/versions/3.6.9/envs/ssltest/lib/python3.6/pyre_check/typeshed/`
2020-09-09 20:44:51,658 DEBUG Trying with: `/Users/sean.ogormanibm.com/.pyenv/versions/3.6.9/envs/ssltest/lib/pyre_check/typeshed/`
2020-09-09 20:44:51,658 DEBUG Trying with: `/Users/sean.ogormanibm.com/.pyenv/versions/3.6.9/envs/ssltest/lib/python3.6/site-packages/pyre_check/client/pyre_check/taint/`
2020-09-09 20:44:51,659 DEBUG Trying with: `/Users/sean.ogormanibm.com/.pyenv/versions/3.6.9/envs/ssltest/lib/python3.6/site-packages/pyre_check/pyre_check/taint/`
2020-09-09 20:44:51,659 DEBUG Trying with: `/Users/sean.ogormanibm.com/.pyenv/versions/3.6.9/envs/ssltest/lib/python3.6/site-packages/pyre_check/taint/`
2020-09-09 20:44:51,659 DEBUG Trying with: `/Users/sean.ogormanibm.com/.pyenv/versions/3.6.9/envs/ssltest/lib/python3.6/pyre_check/taint/`
2020-09-09 20:44:51,659 DEBUG Trying with: `/Users/sean.ogormanibm.com/.pyenv/versions/3.6.9/envs/ssltest/lib/pyre_check/taint/`
2020-09-09 20:44:51,659 PROMPT Which directory should pyre be initialized in? (Default: `.`): 
2020-09-09 20:44:58,115 INFO Successfully initialized pyre! You can view the configuration at `/Users/sean.ogormanibm.com/secondrescom/resilient-community-apps/.pyre_configuration`.
2020-09-09 20:45:11,774 PROMPT Also initialize a watchman configuration? [Y/n] 
2020-09-09 20:45:13,463 WARNING Unable to initialize watchman for the current directory.

2020-09-09 20:45:13,464 INFO Binary found at `/Users/sean.ogormanibm.com/.pyenv/versions/ssltest/bin/pyre.bin`
2020-09-09 20:45:13,464 DEBUG Trying with: `/Users/sean.ogormanibm.com/.pyenv/versions/3.6.9/envs/ssltest/lib/python3.6/site-packages/pyre_check/client/pyre_check/typeshed/`
2020-09-09 20:45:13,465 DEBUG Trying with: `/Users/sean.ogormanibm.com/.pyenv/versions/3.6.9/envs/ssltest/lib/python3.6/site-packages/pyre_check/pyre_check/typeshed/`
2020-09-09 20:45:13,465 DEBUG Trying with: `/Users/sean.ogormanibm.com/.pyenv/versions/3.6.9/envs/ssltest/lib/python3.6/site-packages/pyre_check/typeshed/`
2020-09-09 20:45:13,465 DEBUG Trying with: `/Users/sean.ogormanibm.com/.pyenv/versions/3.6.9/envs/ssltest/lib/python3.6/pyre_check/typeshed/`
2020-09-09 20:45:13,465 DEBUG Trying with: `/Users/sean.ogormanibm.com/.pyenv/versions/3.6.9/envs/ssltest/lib/pyre_check/typeshed/`
2020-09-09 20:45:13,465 DEBUG Trying with: `/Users/sean.ogormanibm.com/.pyenv/versions/3.6.9/envs/ssltest/lib/python3.6/site-packages/pyre_check/client/pyre_check/taint/`
2020-09-09 20:45:13,465 DEBUG Trying with: `/Users/sean.ogormanibm.com/.pyenv/versions/3.6.9/envs/ssltest/lib/python3.6/site-packages/pyre_check/pyre_check/taint/`
2020-09-09 20:45:13,466 DEBUG Trying with: `/Users/sean.ogormanibm.com/.pyenv/versions/3.6.9/envs/ssltest/lib/python3.6/site-packages/pyre_check/taint/`
2020-09-09 20:45:13,466 DEBUG Trying with: `/Users/sean.ogormanibm.com/.pyenv/versions/3.6.9/envs/ssltest/lib/python3.6/pyre_check/taint/`
2020-09-09 20:45:13,466 DEBUG Trying with: `/Users/sean.ogormanibm.com/.pyenv/versions/3.6.9/envs/ssltest/lib/pyre_check/taint/`
2020-09-09 20:45:13,466 PROMPT Which directory should pyre be initialized in? (Default: `.`): 
2020-09-09 20:45:18,337 INFO Successfully initialized pyre! You can view the configuration at `/Users/sean.ogormanibm.com/secondrescom/resilient-community-apps/.pyre_configuration`.
2020-09-09 20:45:32,372 PROMPT Also initialize a watchman configuration? [Y/n] 
2020-09-09 20:45:34,008 WARNING Unable to initialize watchman for the current directory.

2020-09-09 20:45:34,008 INFO Binary found at `/Users/sean.ogormanibm.com/.pyenv/versions/ssltest/bin/pyre.bin`
2020-09-09 20:45:34,009 DEBUG Trying with: `/Users/sean.ogormanibm.com/.pyenv/versions/3.6.9/envs/ssltest/lib/python3.6/site-packages/pyre_check/client/pyre_check/typeshed/`
2020-09-09 20:45:34,009 DEBUG Trying with: `/Users/sean.ogormanibm.com/.pyenv/versions/3.6.9/envs/ssltest/lib/python3.6/site-packages/pyre_check/pyre_check/typeshed/`
2020-09-09 20:45:34,010 DEBUG Trying with: `/Users/sean.ogormanibm.com/.pyenv/versions/3.6.9/envs/ssltest/lib/python3.6/site-packages/pyre_check/typeshed/`
2020-09-09 20:45:34,010 DEBUG Trying with: `/Users/sean.ogormanibm.com/.pyenv/versions/3.6.9/envs/ssltest/lib/python3.6/pyre_check/typeshed/`
2020-09-09 20:45:34,010 DEBUG Trying with: `/Users/sean.ogormanibm.com/.pyenv/versions/3.6.9/envs/ssltest/lib/pyre_check/typeshed/`
2020-09-09 20:45:34,010 DEBUG Trying with: `/Users/sean.ogormanibm.com/.pyenv/versions/3.6.9/envs/ssltest/lib/python3.6/site-packages/pyre_check/client/pyre_check/taint/`
2020-09-09 20:45:34,010 DEBUG Trying with: `/Users/sean.ogormanibm.com/.pyenv/versions/3.6.9/envs/ssltest/lib/python3.6/site-packages/pyre_check/pyre_check/taint/`
2020-09-09 20:45:34,010 DEBUG Trying with: `/Users/sean.ogormanibm.com/.pyenv/versions/3.6.9/envs/ssltest/lib/python3.6/site-packages/pyre_check/taint/`
2020-09-09 20:45:34,010 DEBUG Trying with: `/Users/sean.ogormanibm.com/.pyenv/versions/3.6.9/envs/ssltest/lib/python3.6/pyre_check/taint/`
2020-09-09 20:45:34,010 DEBUG Trying with: `/Users/sean.ogormanibm.com/.pyenv/versions/3.6.9/envs/ssltest/lib/pyre_check/taint/`
2020-09-09 20:45:34,010 PROMPT Which directory should pyre be initialized in? (Default: `.`): 
2020-09-09 20:46:12,335 INFO Successfully initialized pyre! You can view the configuration at `/Users/sean.ogormanibm.com/secondrescom/resilient-community-apps/.pyre_configuration`.
2020-09-09 20:46:23,267 PROMPT Also initialize a watchman configuration? [Y/n] 
2020-09-09 20:46:26,203 INFO Binary found at `/Users/sean.ogormanibm.com/.pyenv/versions/ssltest/bin/pyre.bin`
2020-09-09 20:46:26,204 DEBUG Trying with: `/Users/sean.ogormanibm.com/.pyenv/versions/3.6.9/envs/ssltest/lib/python3.6/site-packages/pyre_check/client/pyre_check/typeshed/`
2020-09-09 20:46:26,205 DEBUG Trying with: `/Users/sean.ogormanibm.com/.pyenv/versions/3.6.9/envs/ssltest/lib/python3.6/site-packages/pyre_check/pyre_check/typeshed/`
2020-09-09 20:46:26,205 DEBUG Trying with: `/Users/sean.ogormanibm.com/.pyenv/versions/3.6.9/envs/ssltest/lib/python3.6/site-packages/pyre_check/typeshed/`
2020-09-09 20:46:26,205 DEBUG Trying with: `/Users/sean.ogormanibm.com/.pyenv/versions/3.6.9/envs/ssltest/lib/python3.6/pyre_check/typeshed/`
2020-09-09 20:46:26,205 DEBUG Trying with: `/Users/sean.ogormanibm.com/.pyenv/versions/3.6.9/envs/ssltest/lib/pyre_check/typeshed/`
2020-09-09 20:46:26,205 DEBUG Trying with: `/Users/sean.ogormanibm.com/.pyenv/versions/3.6.9/envs/ssltest/lib/python3.6/site-packages/pyre_check/client/pyre_check/taint/`
2020-09-09 20:46:26,205 DEBUG Trying with: `/Users/sean.ogormanibm.com/.pyenv/versions/3.6.9/envs/ssltest/lib/python3.6/site-packages/pyre_check/pyre_check/taint/`
2020-09-09 20:46:26,205 DEBUG Trying with: `/Users/sean.ogormanibm.com/.pyenv/versions/3.6.9/envs/ssltest/lib/python3.6/site-packages/pyre_check/taint/`
2020-09-09 20:46:26,205 DEBUG Trying with: `/Users/sean.ogormanibm.com/.pyenv/versions/3.6.9/envs/ssltest/lib/python3.6/pyre_check/taint/`
2020-09-09 20:46:26,205 DEBUG Trying with: `/Users/sean.ogormanibm.com/.pyenv/versions/3.6.9/envs/ssltest/lib/pyre_check/taint/`
2020-09-09 20:46:26,205 PROMPT Which directory should pyre be initialized in? (Default: `.`): 
2020-09-09 20:46:26,206 INFO Successfully initialized pyre! You can view the configuration at `/Users/sean.ogormanibm.com/secondrescom/resilient-community-apps/.pyre_configuration`.
2020-09-09 20:46:48,034 PROMPT Also initialize a watchman configuration? [Y/n] 
2020-09-09 20:46:49,472 WARNING Unable to initialize watchman for the current directory.

2020-09-09 20:46:49,472 INFO Binary found at `/Users/sean.ogormanibm.com/.pyenv/versions/ssltest/bin/pyre.bin`
2020-09-09 20:46:49,473 DEBUG Trying with: `/Users/sean.ogormanibm.com/.pyenv/versions/3.6.9/envs/ssltest/lib/python3.6/site-packages/pyre_check/client/pyre_check/typeshed/`
2020-09-09 20:46:49,473 DEBUG Trying with: `/Users/sean.ogormanibm.com/.pyenv/versions/3.6.9/envs/ssltest/lib/python3.6/site-packages/pyre_check/pyre_check/typeshed/`
2020-09-09 20:46:49,474 DEBUG Trying with: `/Users/sean.ogormanibm.com/.pyenv/versions/3.6.9/envs/ssltest/lib/python3.6/site-packages/pyre_check/typeshed/`
2020-09-09 20:46:49,474 DEBUG Trying with: `/Users/sean.ogormanibm.com/.pyenv/versions/3.6.9/envs/ssltest/lib/python3.6/pyre_check/typeshed/`
2020-09-09 20:46:49,474 DEBUG Trying with: `/Users/sean.ogormanibm.com/.pyenv/versions/3.6.9/envs/ssltest/lib/pyre_check/typeshed/`
2020-09-09 20:46:49,474 DEBUG Trying with: `/Users/sean.ogormanibm.com/.pyenv/versions/3.6.9/envs/ssltest/lib/python3.6/site-packages/pyre_check/client/pyre_check/taint/`
2020-09-09 20:46:49,474 DEBUG Trying with: `/Users/sean.ogormanibm.com/.pyenv/versions/3.6.9/envs/ssltest/lib/python3.6/site-packages/pyre_check/pyre_check/taint/`
2020-09-09 20:46:49,474 DEBUG Trying with: `/Users/sean.ogormanibm.com/.pyenv/versions/3.6.9/envs/ssltest/lib/python3.6/site-packages/pyre_check/taint/`
2020-09-09 20:46:49,474 DEBUG Trying with: `/Users/sean.ogormanibm.com/.pyenv/versions/3.6.9/envs/ssltest/lib/python3.6/pyre_check/taint/`
2020-09-09 20:46:49,474 DEBUG Trying with: `/Users/sean.ogormanibm.com/.pyenv/versions/3.6.9/envs/ssltest/lib/pyre_check/taint/`
2020-09-09 20:46:49,474 PROMPT Which directory should pyre be initialized in? (Default: `.`): 
2020-09-09 20:46:51,628 WARNING Interrupted by user

2020-09-09 20:46:51,630 DEBUG Traceback (most recent call last):
  File "/Users/sean.ogormanibm.com/.pyenv/versions/3.6.9/envs/ssltest/lib/python3.6/site-packages/pyre_check/client/pyre.py", line 121, in run_pyre
    exit_code = command.run().exit_code()
  File "/Users/sean.ogormanibm.com/.pyenv/versions/3.6.9/envs/ssltest/lib/python3.6/site-packages/pyre_check/client/commands/command.py", line 487, in run
    self._run()
  File "/Users/sean.ogormanibm.com/.pyenv/versions/3.6.9/envs/ssltest/lib/python3.6/site-packages/pyre_check/client/commands/initialize.py", line 168, in _run
    configuration = self._get_configuration()
  File "/Users/sean.ogormanibm.com/.pyenv/versions/3.6.9/envs/ssltest/lib/python3.6/site-packages/pyre_check/client/commands/initialize.py", line 114, in _get_configuration
    "Which directory should pyre be initialized in?", "."
  File "/Users/sean.ogormanibm.com/.pyenv/versions/3.6.9/envs/ssltest/lib/python3.6/site-packages/pyre_check/client/log/log.py", line 290, in get_optional_input
    result = get_input(prompt, suffix=" (Default: `{}`): ".format(default))
  File "/Users/sean.ogormanibm.com/.pyenv/versions/3.6.9/envs/ssltest/lib/python3.6/site-packages/pyre_check/client/log/log.py", line 298, in get_input
    return input().strip()
KeyboardInterrupt

2020-09-09 20:47:03,085 PROMPT Also initialize a watchman configuration? [Y/n] 
2020-09-09 20:47:04,587 INFO Binary found at `/Users/sean.ogormanibm.com/.pyenv/versions/ssltest/bin/pyre.bin`
2020-09-09 20:47:04,587 DEBUG Trying with: `/Users/sean.ogormanibm.com/.pyenv/versions/3.6.9/envs/ssltest/lib/python3.6/site-packages/pyre_check/client/pyre_check/typeshed/`
2020-09-09 20:47:04,588 DEBUG Trying with: `/Users/sean.ogormanibm.com/.pyenv/versions/3.6.9/envs/ssltest/lib/python3.6/site-packages/pyre_check/pyre_check/typeshed/`
2020-09-09 20:47:04,588 DEBUG Trying with: `/Users/sean.ogormanibm.com/.pyenv/versions/3.6.9/envs/ssltest/lib/python3.6/site-packages/pyre_check/typeshed/`
2020-09-09 20:47:04,588 DEBUG Trying with: `/Users/sean.ogormanibm.com/.pyenv/versions/3.6.9/envs/ssltest/lib/python3.6/pyre_check/typeshed/`
2020-09-09 20:47:04,588 DEBUG Trying with: `/Users/sean.ogormanibm.com/.pyenv/versions/3.6.9/envs/ssltest/lib/pyre_check/typeshed/`
2020-09-09 20:47:04,589 DEBUG Trying with: `/Users/sean.ogormanibm.com/.pyenv/versions/3.6.9/envs/ssltest/lib/python3.6/site-packages/pyre_check/client/pyre_check/taint/`
2020-09-09 20:47:04,589 DEBUG Trying with: `/Users/sean.ogormanibm.com/.pyenv/versions/3.6.9/envs/ssltest/lib/python3.6/site-packages/pyre_check/pyre_check/taint/`
2020-09-09 20:47:04,589 DEBUG Trying with: `/Users/sean.ogormanibm.com/.pyenv/versions/3.6.9/envs/ssltest/lib/python3.6/site-packages/pyre_check/taint/`
2020-09-09 20:47:04,589 DEBUG Trying with: `/Users/sean.ogormanibm.com/.pyenv/versions/3.6.9/envs/ssltest/lib/python3.6/pyre_check/taint/`
2020-09-09 20:47:04,589 DEBUG Trying with: `/Users/sean.ogormanibm.com/.pyenv/versions/3.6.9/envs/ssltest/lib/pyre_check/taint/`
2020-09-09 20:47:04,589 PROMPT Which directory should pyre be initialized in? (Default: `.`): 
2020-09-09 20:47:08,802 INFO Successfully initialized pyre! You can view the configuration at `/Users/sean.ogormanibm.com/secondrescom/resilient-community-apps/.pyre_configuration`.
2020-09-09 20:48:08,515 DEBUG Running `/Users/sean.ogormanibm.com/.pyenv/versions/ssltest/bin/pyre.bin check -logging-sections parser -project-root /Users/sean.ogormanibm.com/secondrescom/resilient-community-apps -log-directory /Users/sean.ogormanibm.com/secondrescom/resilient-community-apps/.pyre -filter-directories /Users/sean.ogormanibm.com/secondrescom/resilient-community-apps/. -workers 8 -ignore-all-errors /Users/sean.ogormanibm.com/secondrescom/resilient-community-apps/.pyre -search-path /Users/sean.ogormanibm.com/.pyenv/versions/3.6.9/envs/ssltest/lib/pyre_check/typeshed/stdlib/3.9,/Users/sean.ogormanibm.com/.pyenv/versions/3.6.9/envs/ssltest/lib/pyre_check/typeshed/stdlib/3.7,/Users/sean.ogormanibm.com/.pyenv/versions/3.6.9/envs/ssltest/lib/pyre_check/typeshed/stdlib/3.6,/Users/sean.ogormanibm.com/.pyenv/versions/3.6.9/envs/ssltest/lib/pyre_check/typeshed/stdlib/3,/Users/sean.ogormanibm.com/.pyenv/versions/3.6.9/envs/ssltest/lib/pyre_check/typeshed/stdlib/2and3,/Users/sean.ogormanibm.com/.pyenv/versions/3.6.9/envs/ssltest/lib/pyre_check/typeshed/third_party/3,/Users/sean.ogormanibm.com/.pyenv/versions/3.6.9/envs/ssltest/lib/pyre_check/typeshed/third_party/2and3 /Users/sean.ogormanibm.com/secondrescom/resilient-community-apps/.`
2020-09-09 20:48:08,521 DEBUG Registering process with pid 53089 in pid file `/Users/sean.ogormanibm.com/secondrescom/resilient-community-apps/.pyre/pid_files/check-53089.pid`
2020-09-09 20:48:09,425 PERFORMANCE Module tracker built: 0.375536s
2020-09-09 20:48:09,425 INFO Building type environment...
2020-09-09 20:48:09,640 INFO Parsing 2725 stubs and sources...
2020-09-09 20:48:24,334 PERFORMANCE Sources parsed: 14.685756s
2020-09-09 20:48:25,052 PERFORMANCE Full environment built: 15.617834s
2020-09-09 20:48:25,267 INFO Checking 7858 functions...
2020-09-09 20:48:26,057 INFO Processed 492 of 7858 functions
2020-09-09 20:48:26,087 INFO Processed 984 of 7858 functions
2020-09-09 20:48:26,160 INFO Processed 1476 of 7858 functions
2020-09-09 20:48:26,210 INFO Processed 1968 of 7858 functions
2020-09-09 20:48:26,234 INFO Processed 2460 of 7858 functions
2020-09-09 20:48:26,350 INFO Processed 2952 of 7858 functions
2020-09-09 20:48:26,440 INFO Processed 3444 of 7858 functions
2020-09-09 20:48:26,470 INFO Processed 3936 of 7858 functions
2020-09-09 20:48:26,876 INFO Processed 4428 of 7858 functions
2020-09-09 20:48:26,935 INFO Processed 4920 of 7858 functions
2020-09-09 20:48:26,944 INFO Processed 5412 of 7858 functions
2020-09-09 20:48:26,949 INFO Processed 5904 of 7858 functions
2020-09-09 20:48:27,096 INFO Processed 6396 of 7858 functions
2020-09-09 20:48:27,105 INFO Processed 6888 of 7858 functions
2020-09-09 20:48:27,107 INFO Processed 7380 of 7858 functions
2020-09-09 20:48:27,154 INFO Processed 7858 of 7858 functions
2020-09-09 20:48:27,154 PERFORMANCE Check_TypeCheck: 1.886496s
2020-09-09 20:48:27,155 MEMORY Shared memory size post-typecheck (size: 53)
2020-09-09 20:48:27,155 INFO Postprocessing 2725 sources...
2020-09-09 20:48:27,218 INFO Postprocessed 171 of 2725 sources
2020-09-09 20:48:27,223 INFO Postprocessed 342 of 2725 sources
2020-09-09 20:48:27,229 INFO Postprocessed 513 of 2725 sources
2020-09-09 20:48:27,243 INFO Postprocessed 684 of 2725 sources
2020-09-09 20:48:27,249 INFO Postprocessed 855 of 2725 sources
2020-09-09 20:48:27,257 INFO Postprocessed 1026 of 2725 sources
2020-09-09 20:48:27,261 INFO Postprocessed 1197 of 2725 sources
2020-09-09 20:48:27,261 INFO Postprocessed 1368 of 2725 sources
2020-09-09 20:48:27,313 INFO Postprocessed 1539 of 2725 sources
2020-09-09 20:48:27,324 INFO Postprocessed 1710 of 2725 sources
2020-09-09 20:48:27,329 INFO Postprocessed 1881 of 2725 sources
2020-09-09 20:48:27,334 INFO Postprocessed 2052 of 2725 sources
2020-09-09 20:48:27,338 INFO Postprocessed 2223 of 2725 sources
2020-09-09 20:48:27,340 INFO Postprocessed 2394 of 2725 sources
2020-09-09 20:48:27,341 INFO Postprocessed 2565 of 2725 sources
2020-09-09 20:48:27,345 INFO Postprocessed 2725 of 2725 sources
2020-09-09 20:48:27,351 PERFORMANCE Check: 18.377595s
2020-09-09 20:48:27,472 DEBUG Removing pid file: `/Users/sean.ogormanibm.com/secondrescom/resilient-community-apps/.pyre/pid_files/check-53089.pid`
2020-09-09 20:48:27,979 ERROR Found 3250 type errors!

2020-09-09 20:49:42,902 PROMPT Is your project built with Buck? [Y/n] 
2020-09-09 20:49:44,620 PROMPT Which buck target(s) should pyre analyze?                 (`//target:a`, `//target/b/...`)

2020-09-09 20:49:48,163 INFO Successfully initialized pyre! You can view the configuration at `/Users/sean.ogormanibm.com/secondrescom/resilient-community-apps/rc-data-feed/.pyre_configuration.local`.
2020-09-09 20:50:12,401 DEBUG Running `/Users/sean.ogormanibm.com/.pyenv/versions/ssltest/bin/pyre.bin check -logging-sections parser -project-root /Users/sean.ogormanibm.com/secondrescom/resilient-community-apps -log-directory /Users/sean.ogormanibm.com/secondrescom/resilient-community-apps/.pyre -filter-directories /Users/sean.ogormanibm.com/secondrescom/resilient-community-apps/. -workers 8 -ignore-all-errors /Users/sean.ogormanibm.com/secondrescom/resilient-community-apps/.pyre -search-path /Users/sean.ogormanibm.com/.pyenv/versions/3.6.9/envs/ssltest/lib/pyre_check/typeshed/stdlib/3.9,/Users/sean.ogormanibm.com/.pyenv/versions/3.6.9/envs/ssltest/lib/pyre_check/typeshed/stdlib/3.7,/Users/sean.ogormanibm.com/.pyenv/versions/3.6.9/envs/ssltest/lib/pyre_check/typeshed/stdlib/3.6,/Users/sean.ogormanibm.com/.pyenv/versions/3.6.9/envs/ssltest/lib/pyre_check/typeshed/stdlib/3,/Users/sean.ogormanibm.com/.pyenv/versions/3.6.9/envs/ssltest/lib/pyre_check/typeshed/stdlib/2and3,/Users/sean.ogormanibm.com/.pyenv/versions/3.6.9/envs/ssltest/lib/pyre_check/typeshed/third_party/3,/Users/sean.ogormanibm.com/.pyenv/versions/3.6.9/envs/ssltest/lib/pyre_check/typeshed/third_party/2and3 /Users/sean.ogormanibm.com/secondrescom/resilient-community-apps/.`
2020-09-09 20:50:12,408 DEBUG Registering process with pid 53847 in pid file `/Users/sean.ogormanibm.com/secondrescom/resilient-community-apps/.pyre/pid_files/check-53847.pid`
2020-09-09 20:50:12,797 PERFORMANCE Module tracker built: 0.276047s
2020-09-09 20:50:12,797 INFO Building type environment...
2020-09-09 20:50:13,006 INFO Parsing 2725 stubs and sources...
2020-09-09 20:50:14,535 PERFORMANCE Sources parsed: 1.529856s
2020-09-09 20:50:15,211 PERFORMANCE Full environment built: 2.414981s
2020-09-09 20:50:15,423 INFO Checking 7858 functions...
2020-09-09 20:50:16,222 INFO Processed 492 of 7858 functions
2020-09-09 20:50:16,253 INFO Processed 984 of 7858 functions
2020-09-09 20:50:16,283 INFO Processed 1476 of 7858 functions
2020-09-09 20:50:16,370 INFO Processed 1968 of 7858 functions
2020-09-09 20:50:16,408 INFO Processed 2460 of 7858 functions
2020-09-09 20:50:16,535 INFO Processed 2952 of 7858 functions
2020-09-09 20:50:16,681 INFO Processed 3444 of 7858 functions
2020-09-09 20:50:16,712 INFO Processed 3936 of 7858 functions
2020-09-09 20:50:17,230 INFO Processed 4428 of 7858 functions
2020-09-09 20:50:17,257 INFO Processed 4920 of 7858 functions
2020-09-09 20:50:17,265 INFO Processed 5412 of 7858 functions
2020-09-09 20:50:17,287 INFO Processed 5904 of 7858 functions
2020-09-09 20:50:17,399 INFO Processed 6396 of 7858 functions
2020-09-09 20:50:17,414 INFO Processed 6888 of 7858 functions
2020-09-09 20:50:17,446 INFO Processed 7380 of 7858 functions
2020-09-09 20:50:17,502 INFO Processed 7858 of 7858 functions
2020-09-09 20:50:17,502 PERFORMANCE Check_TypeCheck: 2.080612s
2020-09-09 20:50:17,503 MEMORY Shared memory size post-typecheck (size: 53)
2020-09-09 20:50:17,503 INFO Postprocessing 2725 sources...
2020-09-09 20:50:17,563 INFO Postprocessed 171 of 2725 sources
2020-09-09 20:50:17,570 INFO Postprocessed 342 of 2725 sources
2020-09-09 20:50:17,581 INFO Postprocessed 513 of 2725 sources
2020-09-09 20:50:17,589 INFO Postprocessed 684 of 2725 sources
2020-09-09 20:50:17,595 INFO Postprocessed 855 of 2725 sources
2020-09-09 20:50:17,601 INFO Postprocessed 1026 of 2725 sources
2020-09-09 20:50:17,605 INFO Postprocessed 1197 of 2725 sources
2020-09-09 20:50:17,605 INFO Postprocessed 1368 of 2725 sources
2020-09-09 20:50:17,648 INFO Postprocessed 1539 of 2725 sources
2020-09-09 20:50:17,660 INFO Postprocessed 1710 of 2725 sources
2020-09-09 20:50:17,666 INFO Postprocessed 1881 of 2725 sources
2020-09-09 20:50:17,673 INFO Postprocessed 2052 of 2725 sources
2020-09-09 20:50:17,675 INFO Postprocessed 2223 of 2725 sources
2020-09-09 20:50:17,676 INFO Postprocessed 2394 of 2725 sources
2020-09-09 20:50:17,678 INFO Postprocessed 2565 of 2725 sources
2020-09-09 20:50:17,683 INFO Postprocessed 2725 of 2725 sources
2020-09-09 20:50:17,688 PERFORMANCE Check: 5.241137s
2020-09-09 20:50:17,812 DEBUG Removing pid file: `/Users/sean.ogormanibm.com/secondrescom/resilient-community-apps/.pyre/pid_files/check-53847.pid`
2020-09-09 20:50:18,359 ERROR Found 3250 type errors!

